The following modules were not unloaded:
  (Use "module --force purge" to unload all):

  1) XALT/minimal   2) slurm   3) NeSI
Lmod has detected the following error: Cannot load module "NIWA" because these
module(s) are loaded:
   NeSI

While processing the following module(s):
    Module fullname  Module Filename
    ---------------  ---------------
    NIWA             /opt/nesi/modulefiles/NIWA.lua

Lmod has detected the following error: The following module(s) are unknown:
"OCI/12.2"

Please check the spelling or version number. Also try "module spider ..."
It is also possible your cache file is out-of-date; it may help to try:
  $ module --ignore_cache load "OCI/12.2"

Also make sure that all modulefiles written in TCL start with the string
#%Module



Lmod has detected the following error: The following module(s) are unknown:
"OCI/12.2"

Please check the spelling or version number. Also try "module spider ..."
It is also possible your cache file is out-of-date; it may help to try:
  $ module --ignore_cache load "OCI/12.2"

Also make sure that all modulefiles written in TCL start with the string
#%Module



The following modules were not unloaded:
  (Use "module --force purge" to unload all):

  1) XALT/minimal   2) slurm   3) NeSI
Lmod has detected the following error: The following module(s) are unknown:
"gcc/9.3.0"

Please check the spelling or version number. Also try "module spider ..."
It is also possible your cache file is out-of-date; it may help to try:
  $ module --ignore_cache load "gcc/9.3.0"

Also make sure that all modulefiles written in TCL start with the string
#%Module



Thu May  2 22:51:53 2024       
+-----------------------------------------------------------------------------+
| NVIDIA-SMI 525.85.12    Driver Version: 525.85.12    CUDA Version: 12.0     |
|-------------------------------+----------------------+----------------------+
| GPU  Name        Persistence-M| Bus-Id        Disp.A | Volatile Uncorr. ECC |
| Fan  Temp  Perf  Pwr:Usage/Cap|         Memory-Usage | GPU-Util  Compute M. |
|                               |                      |               MIG M. |
|===============================+======================+======================|
|   0  NVIDIA A100-SXM...  On   | 00000000:85:00.0 Off |                    0 |
| N/A   26C    P0    59W / 400W |      0MiB / 81920MiB |      0%      Default |
|                               |                      |             Disabled |
+-------------------------------+----------------------+----------------------+
                                                                               
+-----------------------------------------------------------------------------+
| Processes:                                                                  |
|  GPU   GI   CI        PID   Type   Process name                  GPU Memory |
|        ID   ID                                                   Usage      |
|=============================================================================|
|  No running processes found                                                 |
+-----------------------------------------------------------------------------+
2024-05-02 22:51:57.763204: I tensorflow/stream_executor/platform/default/dso_loader.cc:53] Successfully opened dynamic library libcudart.so.11.0
<xarray.DataArray 'orog' ()>
array(1733.36035156) <xarray.DataArray 'he' ()>
array(1157.46264648) <xarray.DataArray 'vegt' ()>
array(17.00000763)
Traceback (most recent call last):
  File "ops/train_model_gust.py", line 46, in <module>
    stacked_X, y, vegt, orog, he = preprocess_input_data(config)
  File "/scale_wlg_persistent/filesets/project/niwa00018/ML_downscaling_CCAM/A-Robust-Generative-Adversarial-Network-Approach-for-Climate-Downscaling/src/process_input_training_data.py", line 63, in preprocess_input_data
    stacked_X, y = prepare_training_data(config, X, y, means, stds)
  File "/scale_wlg_persistent/filesets/project/niwa00018/ML_downscaling_CCAM/A-Robust-Generative-Adversarial-Network-Approach-for-Climate-Downscaling/src/process_input_training_data.py", line 24, in prepare_training_data
    stacked_X = stacked_X.transpose("time", "lat", "lon", "channel")
  File "/nesi/project/niwa00004/rampaln/lib/python3.8/site-packages/xarray/core/dataarray.py", line 2289, in transpose
    dims = tuple(utils.infix_dims(dims, self.dims, missing_dims))
  File "/nesi/project/niwa00004/rampaln/lib/python3.8/site-packages/xarray/core/utils.py", line 794, in infix_dims
    raise ValueError(
ValueError: ('time', 'lat', 'lon', 'channel') must be a permuted list of ('channel', 'GCM', 'time', 'lat', 'lon'), unless `...` is included
